<?xml version="1.0" encoding="UTF-8"?>
<!-- Generated by org.testng.reporters.JUnitXMLReporter -->
<testsuite hostname="amilanesi" ignored="0" name="Command line test" tests="5" failures="0" timestamp="30 May 2019 14:45:36 GMT" time="31.463" errors="0">
  <testcase name="setUp" time="10.428" classname="tests.nativeLinkTest"/>
  <testcase name="getActiveAdvertiserID" time="11.004" classname="tests.nativeLinkTest"/>
  <testcase name="getInsertionOrderID" time="4.051" classname="tests.nativeLinkTest"/>
  <testcase name="getCampaignID" time="5.838" classname="tests.nativeLinkTest"/>
  <testcase name="tearDown" time="0.121" classname="tests.nativeLinkTest"/>
</testsuite> <!-- Command line test -->
