<?xml version="1.0" encoding="UTF-8"?>
<!-- Generated by org.testng.reporters.JUnitXMLReporter -->
<testsuite hostname="amilanesi" ignored="0" name="Command line test" tests="5" failures="0" timestamp="07 Aug 2019 13:02:44 GMT" time="30.091" errors="0">
  <testcase name="setUp" time="15.073" classname="tests.nativeLinkTest"/>
  <testcase name="getActiveAdvertiserID" time="6.138" classname="tests.nativeLinkTest"/>
  <testcase name="getInsertionOrderID" time="3.954" classname="tests.nativeLinkTest"/>
  <testcase name="getCampaignID" time="4.808" classname="tests.nativeLinkTest"/>
  <testcase name="tearDown" time="0.093" classname="tests.nativeLinkTest"/>
</testsuite> <!-- Command line test -->
