<?xml version="1.0" encoding="UTF-8"?>
<testng-results skipped="0" failed="0" ignored="0" total="5" passed="5">
  <reporter-output>
  </reporter-output>
  <suite name="tests.nativeLinkTest" duration-ms="31463" started-at="2019-05-30T14:45:05Z" finished-at="2019-05-30T14:45:36Z">
    <groups>
    </groups>
    <test name="Command line test" duration-ms="31463" started-at="2019-05-30T14:45:05Z" finished-at="2019-05-30T14:45:36Z">
      <class name="tests.nativeLinkTest">
        <test-method status="PASS" signature="setUp()[pri:1, instance:tests.nativeLinkTest@3567135c]" name="setUp" duration-ms="10428" started-at="2019-05-30T14:45:05Z" finished-at="2019-05-30T14:45:15Z">
          <reporter-output>
          </reporter-output>
        </test-method> <!-- setUp -->
        <test-method status="PASS" signature="getActiveAdvertiserID()[pri:2, instance:tests.nativeLinkTest@3567135c]" name="getActiveAdvertiserID" duration-ms="11004" started-at="2019-05-30T14:45:15Z" finished-at="2019-05-30T14:45:26Z">
          <reporter-output>
          </reporter-output>
        </test-method> <!-- getActiveAdvertiserID -->
        <test-method status="PASS" signature="getInsertionOrderID()[pri:3, instance:tests.nativeLinkTest@3567135c]" name="getInsertionOrderID" duration-ms="4051" started-at="2019-05-30T14:45:26Z" finished-at="2019-05-30T14:45:30Z">
          <reporter-output>
          </reporter-output>
        </test-method> <!-- getInsertionOrderID -->
        <test-method status="PASS" signature="getCampaignID()[pri:4, instance:tests.nativeLinkTest@3567135c]" name="getCampaignID" duration-ms="5838" started-at="2019-05-30T14:45:30Z" finished-at="2019-05-30T14:45:36Z">
          <reporter-output>
          </reporter-output>
        </test-method> <!-- getCampaignID -->
        <test-method status="PASS" signature="tearDown()[pri:10, instance:tests.nativeLinkTest@3567135c]" name="tearDown" duration-ms="121" started-at="2019-05-30T14:45:36Z" finished-at="2019-05-30T14:45:36Z">
          <reporter-output>
          </reporter-output>
        </test-method> <!-- tearDown -->
      </class> <!-- tests.nativeLinkTest -->
    </test> <!-- Command line test -->
  </suite> <!-- tests.nativeLinkTest -->
</testng-results>
