<?xml version="1.0" encoding="UTF-8"?>
<testng-results skipped="0" failed="0" ignored="1" total="2" passed="1">
  <reporter-output>
  </reporter-output>
  <suite name="tests.dashboardRegressionTest" duration-ms="42188" started-at="2019-09-18T13:56:24Z" finished-at="2019-09-18T13:57:06Z">
    <groups>
    </groups>
    <test name="Command line test" duration-ms="42188" started-at="2019-09-18T13:56:24Z" finished-at="2019-09-18T13:57:06Z">
      <class name="tests.dashboardRegressionTest">
        <test-method status="PASS" signature="setUp()[pri:0, instance:tests.dashboardRegressionTest@531be3c5]" name="setUp" is-config="true" duration-ms="1051" started-at="2019-09-18T13:56:24Z" finished-at="2019-09-18T13:56:25Z">
          <reporter-output>
          </reporter-output>
        </test-method> <!-- setUp -->
        <test-method status="PASS" signature="demandFlowTest()[pri:1, instance:tests.dashboardRegressionTest@531be3c5]" name="demandFlowTest" duration-ms="40982" started-at="2019-09-18T13:56:25Z" finished-at="2019-09-18T13:57:06Z">
          <reporter-output>
          </reporter-output>
        </test-method> <!-- demandFlowTest -->
        <test-method status="PASS" signature="tearDown()[pri:0, instance:tests.dashboardRegressionTest@531be3c5]" name="tearDown" is-config="true" duration-ms="136" started-at="2019-09-18T13:57:06Z" finished-at="2019-09-18T13:57:06Z">
          <reporter-output>
          </reporter-output>
        </test-method> <!-- tearDown -->
      </class> <!-- tests.dashboardRegressionTest -->
    </test> <!-- Command line test -->
  </suite> <!-- tests.dashboardRegressionTest -->
</testng-results>
