<?xml version="1.0" encoding="UTF-8"?>
<!-- Generated by org.testng.reporters.JUnitXMLReporter -->
<testsuite hostname="amilanesi" ignored="0" name="Command line test" tests="2" failures="1" timestamp="08 Apr 2019 14:38:52 GMT" time="69.682" errors="0">
  <testcase name="demandFlowTest" time="30.563" classname="tests.dashboardRegressionTest"/>
  <testcase name="assertAdvertiserCreation" time="37.376" classname="tests.dashboardRegressionTest">
    <failure type="java.lang.AssertionError" message="1 expectation failed.
JSON path name doesn&amp;apos;t match.
Expected: a collection containing &amp;quot;Automated Advertise 2019-04-08 11:37:50.6&amp;quot;
  Actual: [Example Test Advertiser, 1ALT RON Video Demand, Social Reality, Vindico Video Demand Partner, BannerSnack, SpotX, MediaMath Programmatic Guarantee, Altitude Exchange, Q1Media Display Demand, Altitude-RTB Video Demand, DSNR Demand Partner CO, AdKarma, Altitude Demand, Google-Component, Lijit Video Demand, Ad Meta Display Demand, Lijit Display Demand, ARENA VAST Video Demand, Altitude RON RTB, Technorati Display Demand, PubMatic Display Demand, SonobiMedia, Appnexus, OpenX Display Partner, AdapTV Video Demand, Liverail, CDN Video Demand, EyeView, SiteScout, BidSwitch, SourceKnowledge, BrandScreen, MediaMath, Universal, AOL_Display , Co-ed - AdapTV, Josh_Advertiser_Test, CPM Only InnovatiobLab , Undertone, GumGum, RhythmOne, GiantMedia, RightAction, TLV Media, AdMedia, Amonetize, AnyClip, Barons Media, BlueWater, Bullzi Media, C1X, Dashbid, Flight 99, InTag.co, Keynetic Digital, Marimedia, Matchflow Media, Brightroll, Media 122, Mediastinct Limited - Paused - Accounting - 010317, Mister Bell, Ooyala, RockYou, RollMob, Sekindo, Vertamedia, Vexigo, WebAds NL, She Knows, Webisaba, Smowtion - Paused - Accounting - 2016, Tremor, The Denver Post/Two Octobers, Ybrant Video, Yellow Hammer Media Group, ZetaNet, YuMe, ReelFeed, Yashi, RealTechNetwork_Display , LIN-Digital, WiseMedia, ConvertMedia - RTB, IBTimes Advertiser, Taggify - RTB, Tego Media, Blue Water Ads, Clickdealer, Mars Media Group, Reel Feed TV, Tribal TLV, Beachfront Media, Boutique Media Labs, Defy Media, LLC - Paused - Accounting - 010317, Clear Velvet, DMG, Dedicated Media, Doble Via LATAM, Division-D, Groupe Concoursemania, Kuma Media, Lemmonet, S &amp;amp;amp; W Media Group, Songo Media, LHP Media, Vdopia, JamLoop LLC - Paused - Accounting - 2016, Propel Media, Tremor Video, Q1 Media, YEP Media, VidRoll, Altitude Marketing, Acuity Ads, Integrate Media, Redux, Coull, Ad.net, Woobi, Adcovenant, Tersertude, Surfboard Digital, 212 International, AdSeek, AdTango, AdXperience, AdaptiveMedia, Adgorithms, Adorika, AerServ LLC - Paused - Accounting - 2016, Amobee, AmpDesk, Analyze46, AppThis, Appalgo, BabaNetwork, BaronsMedia, Beanstock Media, BeyondSpark, BluTonic, Inc. , Boldscreen Media, BoulderVideo, Branovate, Clipoly, ClubhouseMedia, Conversant, Crazy4Media (Creafi) - Paused - Methbot Q4 - 010917, Darriens, DeliAds, DiversifyMedia, EfficientVideo, EngageBDR, EyeCue, Fareportal, Fenix Media, FloatMedia, Forepeak Media LTD - Paused - Accounting - 010317, GMS, Gravity Lab Inc - Paused - Accounting - 010317, Harren Media, HeadwayDigital, IgoeMedia, Imali, Intense Digital Online Advertising Ltd - Paused - Accounting - 010317, IronSource, Kumma, LKQD, LinDigital, MangoMedia, Matomy, MaverickMedia, MediaWayss, Mediashakers, MegaMedia, MemeGlobal, MindAd, NativeX, Opera, OutVDO, Phunware, ROI Media Consultants, RTBDemand, Revenue Hits, Rubicon, STDigital, SayMedia, SelectMedia, Smaato, SnW, Spartacs, Steel Media, TOKMedia, Takoomi, Todacell, TribalTLV, TubeMogul_GM, Velis, VideoCampaignDelivery, VideoJam - Paused -  Accounting - 011217, VideoMize, Videology, Wayfare, Web3, WiseRoll, OoniMedia, Gamut, Infinite Ads Online Advertising - Paused - Accounting - 010317, Beasty Ads, Vibrant, MobileFuse, ZetaMedia, Nexu, OC Branded, Yieldmax, AudienceScience, Web Media, Zumobi, TurfDigital, DigiDesk Media, Turf Media, BlueNet, Datawrkz, Pulsepoint, Mth Sense, Sonital, Mega Media, KickAds, Torrential, Inc - Paused - Accounting - 2016, AltitudeDigital, Nextperience, AdForge, Megacast, Hooly D.I.M ltd - Paused - Accounting - 2016, Xcentrix Media, Golden Shores, Matomy Media, Delray Media, Webpals, DigiDeskMedia, Stars 13 Media, XertiveMedia, Evolve Media, Pubmatic, 495 Communications, Adintegral, Adknowledge, Aim4Media, Angelo Campaign, BluMartian, Buyer.Video, CheapOAir, Collective Digital Studio, LLC - Paused - Accounting - 010317, Comscore App, IMS, Adap Upfront Offers, Direct Agents, Discover Card, FitzMall, HiroMedia, Igor Media, KitaraMedia, PretioInteractive, SeraCast, Simon, StyleHo LLC, UnrulyMedia, Video Ad Premium, Rocket Media Ltd. , SmartyAds, Konnected, The Media Street, Adsiduous Media, Modulates Corporation - Paused - Accounting - 2016, AD_Supply, AdSparc, RLK Media, Personograph, GoRilla, EST Digital, AdReady, Intrinsic London LTD., RevMob, GetIntent Retail, MediaBrix Inc., Perion - Paused Acct 4/3, Goodvid, Wise Data Media, Pro-Path Media, RealWeb Media, IQ Zone, 2016_Display_CreditCards_PH1TravelRewards , Jason ATM , Nuviad, Motive Interactive , Mango Media, Adit Media, Media Traderz, Aniview, Primeroll, AngleUp, The TradeDesk, Adsiduous, MillennialMedia, Go-Rilla, InMobi, Daily Engage Media, AdapTV_Deal_IDs, ViralGains, Maple, StitchVideo.tv , Goldbach, Viixo, Viixo, NovoRoll, WiCi, Avid Video Network, Adtopia, You Active Media, PMI5, Mediawhite FZ LLC - Paused - Methbot Q4 - 010917, TEST_Advertiser - DO NOT BILL, 888 Media , 9 Media , WebMedia, Potente, Antipodes Digital, S.L. - Paused -  Accounting - 010317, InnerActive, Plarium, Dynadmic, LudiusPlatform, Integral Marketing, Power of Broke 2016, TomorrowAds, Centerpoint Media , AdsTuna, Impospace, Heights Media, Adclivity, Zyp Media, AscendVideo, iLike Media, PlanBlue, Positive Mobile, PositiveMedia, Thrive Plus LLC, Online Media Divas, Media 122, Judo, Zumobi, ROIMedia, Streamkey, Ginger Media, Media Brewery, AdzMedia, Stanmore Media Group, YayoAds, Fyber, Direct Drive, SD Union Tribune, Dstillery, Mobusi, BroadBase Media, Sabio, Performath, MobFox, IQM, VidRide, Zephyr Digital, Adscluster, VidStart, AndBeyond Media, StreamLyn, Stellar Media, Adtention, Digital Access, AdapTV_Mobile, i2 Media, Beachside Media Network, PML, Adzone Media, Answer Media, My Media, All Aspect, WebIntro, Orogon, Imali Media, Brightcom, BestTV, SoftGames, MyMedia, Adtension, Centro, Centro, Para Media, Sizmek, Video Nation, Visible Measures, Noraa Holdings LLC - Methbot Q4 - 010917, Uplift Media, Yellow Hammer UK, Bark Ad Media, Motion Stream, Positive Mobile LATAM, Bravads - Paused Acct, ClearPier, Rhebus, Roket Media, MK Advertising, Orion Technologies, Core2 Digital, RTB Media, Sunmedia, Cignal, Impaktu, GoAdsUS, Vodel Media, GoAdUs, TechnologyGeeks, Adap.tv - 3p Tags, Wafra, Rf2Mobi, DMI, GenesisMedia, Made Media, ZephyrDigital , MobiMight, Nettra Marketing, Yamaka Media, Tekpaw, SparcMedia, AdBidCentral, NRoll, Speroll, Receptiv, Linicom, GoWithMedia, ComboTag, Optimatic, Billy, VideoVert, Multiverse, BlueRoosterMedia, VeuHub, Totalik, Roamer, Content.Ad, Madrivo, Rocket Science, KDS Media, Must Digital Agency, SpotAd, Wazimo, AdBlue, 33 Across, ZipporMedia, Mobco Media, Avantis, Adotize, VideoSauce, Ludius Media, Tik Tak Media, Videotela, Fuel Digital, Bidsopt, Ad2Web, IndependentMedia, Airpush, Rectangle, Del Playa Media, Star Video, YouAppi, NAF Digital, AdSupply.com, Eva Media, Turaco Digital, Sample Media, Smart Bid, SquareVid, Vidoomy, NativeAds, Zephyr_GM, AOL1_GM, Videology_CPVI_Backfill_GM, Brightroll_Backfill_RON_GM, Sovrn_GM, MediaShakers_GM, 33Across_GM, SparcMedia_GM, 495_GM, DivisionD_GM, Madrivo_GM, Spartacs_GM, PubOps Test, OpenX Video Partner, C1Exchange, Adservme RTB, MGM, WinVid, Dennis Test Advertiser, Bonnier, Envisionx, TravelSavvy.tv, ThinkCommerce, JarvisDigital, StickyAds_GM, Mixpo_GM, Tout, Novartis - Starcom, Connatix, Publicis Nucleus, LaVozDemand, Mars Video, GetIntent Non-Retail RTB, TTD Test, Test Bidder Advertiser, Rob Test Advertiser, RobTestAdvertiser, BidSwitch Deal ID Test, Rob Test Advertiser, 7.37.0.0 Test Advertiser, 7.40.0.1 Test Advertiser, 7.41 Test Advertiser, Test Advertiser_JF, BMW, 7.46 Test Advertiser, Euclid, 7.47 Test Advertiser, 7.48 Advertiser, Jer Ad, 7.49 Advertiser, 7.50 Advertiser, Dennis Predicted CPM, Dennis Programmatic Demand Test, Test-Dilara-Advertiser, 7.52 pt 1 Advertiser, Jose Advertiser, 7.52.0.1, Jose - Nike, 7.53.0.0 Test, 7.54.0.0, Test Advertiser, 7.55.0.0 Advertiser, 7.56.0.0, 7.57 Advertiser, 7.58 Test Advertiser, Andy Test Advertiser, CPM and PCPM test, 7.59.0.0 Test Advertiser, 7.59.0.0 2 Advertiser, 7.60.0.0 Test Advertiser, Andy Advertiser 1, Andy Test Automation 1, Advertiser 2019-04-01 12:07:50.393, Automated Advertiser 2019-04-04 09:42:41.279, Automated Advertiser 2019-04-04 10:15:14.491, Automated Advertiser 2019-04-04 10:32:57.539, Automated Advertiser 2019-04-04 10:38:54.192, Automated Advertiser 2019-04-04 10:53:05.618, Automated Advertiser 2019-04-04 10:55:33.719, Automated Advertiser 2019-04-04 10:58:43.434, Automated Advertiser 2019-04-04 10:59:26.776, Automated Advertiser 2019-04-04 11:04:00.649, Automated Advertiser 2019-04-04 11:06:50.653, Automated Advertiser 2019-04-04 11:09:41.972, Automated Advertiser 2019-04-04 11:13:02.671, Automated Advertiser 2019-04-04 11:17:46.819, Automated Advertiser 2019-04-04 11:20:34.06, Automated Advertiser 2019-04-04 11:24:15.021, Automated Advertiser 2019-04-04 15:51:28.681, Automated Advertiser 2019-04-04 15:53:38.991, Automated Advertiser 2019-04-04 17:19:19.572, Automated Advertiser 2019-04-04 17:20:38.533, Automated Advertiser 2019-04-04 17:33:52.833, Automated Advertiser 2019-04-04 17:49:10.927, Automated Advertiser 2019-04-05 09:37:30.273, Automated Advertiser 2019-04-05 09:43:09.124, Automated Advertiser 2019-04-05 09:47:05.401, Automated Advertiser 2019-04-05 10:05:08.819, Automated Advertiser 2019-04-05 10:09:14.082, Automated Advertiser 2019-04-05 10:10:49.357, Automated Advertiser 2019-04-05 10:15:02.415, Automated Advertiser 2019-04-05 10:30:49.538, Automated Advertiser 2019-04-05 12:07:48.469, Automated Advertiser 2019-04-05 14:21:48.234, Automated Advertiser 2019-04-05 16:52:25.774, Automated Advertiser 2019-04-05 16:55:50.275, Automated Advertiser 2019-04-05 17:31:46.124, Automated Advertiser 2019-04-06 19:33:16.49, Automated Advertiser 2019-04-06 19:44:59.087, Automated Advertiser 2019-04-06 19:55:00.435, Automated Advertiser 2019-04-06 19:56:21.484, Automated Advertiser 2019-04-06 20:01:44.712, Automated Advertiser 2019-04-06 23:30:25.617, Automated Advertiser 2019-04-06 23:38:50.141, Automated Advertiser 2019-04-08 11:22:29.188, Automated Advertiser 2019-04-08 11:26:43.835, Automated Advertiser 2019-04-08 11:29:31.393, Automated Advertiser 2019-04-08 11:33:06.882, Automated Advertiser 2019-04-08 11:35:50.617, Automated Advertiser 2019-04-08 11:37:50.6]
">
      <![CDATA[java.lang.AssertionError: 1 expectation failed.
JSON path name doesn't match.
Expected: a collection containing "Automated Advertise 2019-04-08 11:37:50.6"
  Actual: [Example Test Advertiser, 1ALT RON Video Demand, Social Reality, Vindico Video Demand Partner, BannerSnack, SpotX, MediaMath Programmatic Guarantee, Altitude Exchange, Q1Media Display Demand, Altitude-RTB Video Demand, DSNR Demand Partner CO, AdKarma, Altitude Demand, Google-Component, Lijit Video Demand, Ad Meta Display Demand, Lijit Display Demand, ARENA VAST Video Demand, Altitude RON RTB, Technorati Display Demand, PubMatic Display Demand, SonobiMedia, Appnexus, OpenX Display Partner, AdapTV Video Demand, Liverail, CDN Video Demand, EyeView, SiteScout, BidSwitch, SourceKnowledge, BrandScreen, MediaMath, Universal, AOL_Display , Co-ed - AdapTV, Josh_Advertiser_Test, CPM Only InnovatiobLab , Undertone, GumGum, RhythmOne, GiantMedia, RightAction, TLV Media, AdMedia, Amonetize, AnyClip, Barons Media, BlueWater, Bullzi Media, C1X, Dashbid, Flight 99, InTag.co, Keynetic Digital, Marimedia, Matchflow Media, Brightroll, Media 122, Mediastinct Limited - Paused - Accounting - 010317, Mister Bell, Ooyala, RockYou, RollMob, Sekindo, Vertamedia, Vexigo, WebAds NL, She Knows, Webisaba, Smowtion - Paused - Accounting - 2016, Tremor, The Denver Post/Two Octobers, Ybrant Video, Yellow Hammer Media Group, ZetaNet, YuMe, ReelFeed, Yashi, RealTechNetwork_Display , LIN-Digital, WiseMedia, ConvertMedia - RTB, IBTimes Advertiser, Taggify - RTB, Tego Media, Blue Water Ads, Clickdealer, Mars Media Group, Reel Feed TV, Tribal TLV, Beachfront Media, Boutique Media Labs, Defy Media, LLC - Paused - Accounting - 010317, Clear Velvet, DMG, Dedicated Media, Doble Via LATAM, Division-D, Groupe Concoursemania, Kuma Media, Lemmonet, S &amp; W Media Group, Songo Media, LHP Media, Vdopia, JamLoop LLC - Paused - Accounting - 2016, Propel Media, Tremor Video, Q1 Media, YEP Media, VidRoll, Altitude Marketing, Acuity Ads, Integrate Media, Redux, Coull, Ad.net, Woobi, Adcovenant, Tersertude, Surfboard Digital, 212 International, AdSeek, AdTango, AdXperience, AdaptiveMedia, Adgorithms, Adorika, AerServ LLC - Paused - Accounting - 2016, Amobee, AmpDesk, Analyze46, AppThis, Appalgo, BabaNetwork, BaronsMedia, Beanstock Media, BeyondSpark, BluTonic, Inc. , Boldscreen Media, BoulderVideo, Branovate, Clipoly, ClubhouseMedia, Conversant, Crazy4Media (Creafi) - Paused - Methbot Q4 - 010917, Darriens, DeliAds, DiversifyMedia, EfficientVideo, EngageBDR, EyeCue, Fareportal, Fenix Media, FloatMedia, Forepeak Media LTD - Paused - Accounting - 010317, GMS, Gravity Lab Inc - Paused - Accounting - 010317, Harren Media, HeadwayDigital, IgoeMedia, Imali, Intense Digital Online Advertising Ltd - Paused - Accounting - 010317, IronSource, Kumma, LKQD, LinDigital, MangoMedia, Matomy, MaverickMedia, MediaWayss, Mediashakers, MegaMedia, MemeGlobal, MindAd, NativeX, Opera, OutVDO, Phunware, ROI Media Consultants, RTBDemand, Revenue Hits, Rubicon, STDigital, SayMedia, SelectMedia, Smaato, SnW, Spartacs, Steel Media, TOKMedia, Takoomi, Todacell, TribalTLV, TubeMogul_GM, Velis, VideoCampaignDelivery, VideoJam - Paused -  Accounting - 011217, VideoMize, Videology, Wayfare, Web3, WiseRoll, OoniMedia, Gamut, Infinite Ads Online Advertising - Paused - Accounting - 010317, Beasty Ads, Vibrant, MobileFuse, ZetaMedia, Nexu, OC Branded, Yieldmax, AudienceScience, Web Media, Zumobi, TurfDigital, DigiDesk Media, Turf Media, BlueNet, Datawrkz, Pulsepoint, Mth Sense, Sonital, Mega Media, KickAds, Torrential, Inc - Paused - Accounting - 2016, AltitudeDigital, Nextperience, AdForge, Megacast, Hooly D.I.M ltd - Paused - Accounting - 2016, Xcentrix Media, Golden Shores, Matomy Media, Delray Media, Webpals, DigiDeskMedia, Stars 13 Media, XertiveMedia, Evolve Media, Pubmatic, 495 Communications, Adintegral, Adknowledge, Aim4Media, Angelo Campaign, BluMartian, Buyer.Video, CheapOAir, Collective Digital Studio, LLC - Paused - Accounting - 010317, Comscore App, IMS, Adap Upfront Offers, Direct Agents, Discover Card, FitzMall, HiroMedia, Igor Media, KitaraMedia, PretioInteractive, SeraCast, Simon, StyleHo LLC, UnrulyMedia, Video Ad Premium, Rocket Media Ltd. , SmartyAds, Konnected, The Media Street, Adsiduous Media, Modulates Corporation - Paused - Accounting - 2016, AD_Supply, AdSparc, RLK Media, Personograph, GoRilla, EST Digital, AdReady, Intrinsic London LTD., RevMob, GetIntent Retail, MediaBrix Inc., Perion - Paused Acct 4/3, Goodvid, Wise Data Media, Pro-Path Media, RealWeb Media, IQ Zone, 2016_Display_CreditCards_PH1TravelRewards , Jason ATM , Nuviad, Motive Interactive , Mango Media, Adit Media, Media Traderz, Aniview, Primeroll, AngleUp, The TradeDesk, Adsiduous, MillennialMedia, Go-Rilla, InMobi, Daily Engage Media, AdapTV_Deal_IDs, ViralGains, Maple, StitchVideo.tv , Goldbach, Viixo, Viixo, NovoRoll, WiCi, Avid Video Network, Adtopia, You Active Media, PMI5, Mediawhite FZ LLC - Paused - Methbot Q4 - 010917, TEST_Advertiser - DO NOT BILL, 888 Media , 9 Media , WebMedia, Potente, Antipodes Digital, S.L. - Paused -  Accounting - 010317, InnerActive, Plarium, Dynadmic, LudiusPlatform, Integral Marketing, Power of Broke 2016, TomorrowAds, Centerpoint Media , AdsTuna, Impospace, Heights Media, Adclivity, Zyp Media, AscendVideo, iLike Media, PlanBlue, Positive Mobile, PositiveMedia, Thrive Plus LLC, Online Media Divas, Media 122, Judo, Zumobi, ROIMedia, Streamkey, Ginger Media, Media Brewery, AdzMedia, Stanmore Media Group, YayoAds, Fyber, Direct Drive, SD Union Tribune, Dstillery, Mobusi, BroadBase Media, Sabio, Performath, MobFox, IQM, VidRide, Zephyr Digital, Adscluster, VidStart, AndBeyond Media, StreamLyn, Stellar Media, Adtention, Digital Access, AdapTV_Mobile, i2 Media, Beachside Media Network, PML, Adzone Media, Answer Media, My Media, All Aspect, WebIntro, Orogon, Imali Media, Brightcom, BestTV, SoftGames, MyMedia, Adtension, Centro, Centro, Para Media, Sizmek, Video Nation, Visible Measures, Noraa Holdings LLC - Methbot Q4 - 010917, Uplift Media, Yellow Hammer UK, Bark Ad Media, Motion Stream, Positive Mobile LATAM, Bravads - Paused Acct, ClearPier, Rhebus, Roket Media, MK Advertising, Orion Technologies, Core2 Digital, RTB Media, Sunmedia, Cignal, Impaktu, GoAdsUS, Vodel Media, GoAdUs, TechnologyGeeks, Adap.tv - 3p Tags, Wafra, Rf2Mobi, DMI, GenesisMedia, Made Media, ZephyrDigital , MobiMight, Nettra Marketing, Yamaka Media, Tekpaw, SparcMedia, AdBidCentral, NRoll, Speroll, Receptiv, Linicom, GoWithMedia, ComboTag, Optimatic, Billy, VideoVert, Multiverse, BlueRoosterMedia, VeuHub, Totalik, Roamer, Content.Ad, Madrivo, Rocket Science, KDS Media, Must Digital Agency, SpotAd, Wazimo, AdBlue, 33 Across, ZipporMedia, Mobco Media, Avantis, Adotize, VideoSauce, Ludius Media, Tik Tak Media, Videotela, Fuel Digital, Bidsopt, Ad2Web, IndependentMedia, Airpush, Rectangle, Del Playa Media, Star Video, YouAppi, NAF Digital, AdSupply.com, Eva Media, Turaco Digital, Sample Media, Smart Bid, SquareVid, Vidoomy, NativeAds, Zephyr_GM, AOL1_GM, Videology_CPVI_Backfill_GM, Brightroll_Backfill_RON_GM, Sovrn_GM, MediaShakers_GM, 33Across_GM, SparcMedia_GM, 495_GM, DivisionD_GM, Madrivo_GM, Spartacs_GM, PubOps Test, OpenX Video Partner, C1Exchange, Adservme RTB, MGM, WinVid, Dennis Test Advertiser, Bonnier, Envisionx, TravelSavvy.tv, ThinkCommerce, JarvisDigital, StickyAds_GM, Mixpo_GM, Tout, Novartis - Starcom, Connatix, Publicis Nucleus, LaVozDemand, Mars Video, GetIntent Non-Retail RTB, TTD Test, Test Bidder Advertiser, Rob Test Advertiser, RobTestAdvertiser, BidSwitch Deal ID Test, Rob Test Advertiser, 7.37.0.0 Test Advertiser, 7.40.0.1 Test Advertiser, 7.41 Test Advertiser, Test Advertiser_JF, BMW, 7.46 Test Advertiser, Euclid, 7.47 Test Advertiser, 7.48 Advertiser, Jer Ad, 7.49 Advertiser, 7.50 Advertiser, Dennis Predicted CPM, Dennis Programmatic Demand Test, Test-Dilara-Advertiser, 7.52 pt 1 Advertiser, Jose Advertiser, 7.52.0.1, Jose - Nike, 7.53.0.0 Test, 7.54.0.0, Test Advertiser, 7.55.0.0 Advertiser, 7.56.0.0, 7.57 Advertiser, 7.58 Test Advertiser, Andy Test Advertiser, CPM and PCPM test, 7.59.0.0 Test Advertiser, 7.59.0.0 2 Advertiser, 7.60.0.0 Test Advertiser, Andy Advertiser 1, Andy Test Automation 1, Advertiser 2019-04-01 12:07:50.393, Automated Advertiser 2019-04-04 09:42:41.279, Automated Advertiser 2019-04-04 10:15:14.491, Automated Advertiser 2019-04-04 10:32:57.539, Automated Advertiser 2019-04-04 10:38:54.192, Automated Advertiser 2019-04-04 10:53:05.618, Automated Advertiser 2019-04-04 10:55:33.719, Automated Advertiser 2019-04-04 10:58:43.434, Automated Advertiser 2019-04-04 10:59:26.776, Automated Advertiser 2019-04-04 11:04:00.649, Automated Advertiser 2019-04-04 11:06:50.653, Automated Advertiser 2019-04-04 11:09:41.972, Automated Advertiser 2019-04-04 11:13:02.671, Automated Advertiser 2019-04-04 11:17:46.819, Automated Advertiser 2019-04-04 11:20:34.06, Automated Advertiser 2019-04-04 11:24:15.021, Automated Advertiser 2019-04-04 15:51:28.681, Automated Advertiser 2019-04-04 15:53:38.991, Automated Advertiser 2019-04-04 17:19:19.572, Automated Advertiser 2019-04-04 17:20:38.533, Automated Advertiser 2019-04-04 17:33:52.833, Automated Advertiser 2019-04-04 17:49:10.927, Automated Advertiser 2019-04-05 09:37:30.273, Automated Advertiser 2019-04-05 09:43:09.124, Automated Advertiser 2019-04-05 09:47:05.401, Automated Advertiser 2019-04-05 10:05:08.819, Automated Advertiser 2019-04-05 10:09:14.082, Automated Advertiser 2019-04-05 10:10:49.357, Automated Advertiser 2019-04-05 10:15:02.415, Automated Advertiser 2019-04-05 10:30:49.538, Automated Advertiser 2019-04-05 12:07:48.469, Automated Advertiser 2019-04-05 14:21:48.234, Automated Advertiser 2019-04-05 16:52:25.774, Automated Advertiser 2019-04-05 16:55:50.275, Automated Advertiser 2019-04-05 17:31:46.124, Automated Advertiser 2019-04-06 19:33:16.49, Automated Advertiser 2019-04-06 19:44:59.087, Automated Advertiser 2019-04-06 19:55:00.435, Automated Advertiser 2019-04-06 19:56:21.484, Automated Advertiser 2019-04-06 20:01:44.712, Automated Advertiser 2019-04-06 23:30:25.617, Automated Advertiser 2019-04-06 23:38:50.141, Automated Advertiser 2019-04-08 11:22:29.188, Automated Advertiser 2019-04-08 11:26:43.835, Automated Advertiser 2019-04-08 11:29:31.393, Automated Advertiser 2019-04-08 11:33:06.882, Automated Advertiser 2019-04-08 11:35:50.617, Automated Advertiser 2019-04-08 11:37:50.6]

at org.codehaus.groovy.runtime.callsite.ConstructorSite$ConstructorSiteNoUnwrap.callConstructor(ConstructorSite.java:84)
at org.codehaus.groovy.runtime.callsite.CallSiteArray.defaultCallConstructor(CallSiteArray.java:59)
at org.codehaus.groovy.runtime.callsite.AbstractCallSite.callConstructor(AbstractCallSite.java:238)
at org.codehaus.groovy.runtime.callsite.AbstractCallSite.callConstructor(AbstractCallSite.java:250)
at io.restassured.internal.ResponseSpecificationImpl$HamcrestAssertionClosure.validate(ResponseSpecificationImpl.groovy:494)
at io.restassured.internal.ResponseSpecificationImpl$HamcrestAssertionClosure$validate$1.call(Unknown Source)
at io.restassured.internal.ResponseSpecificationImpl.validateResponseIfRequired(ResponseSpecificationImpl.groovy:656)
at org.codehaus.groovy.runtime.callsite.PogoMetaMethodSite$PogoCachedMethodSiteNoUnwrapNoCoerce.invoke(PogoMetaMethodSite.java:210)
at org.codehaus.groovy.runtime.callsite.PogoMetaMethodSite.callCurrent(PogoMetaMethodSite.java:59)
at org.codehaus.groovy.runtime.callsite.CallSiteArray.defaultCallCurrent(CallSiteArray.java:51)
at org.codehaus.groovy.runtime.callsite.AbstractCallSite.callCurrent(AbstractCallSite.java:157)
at org.codehaus.groovy.runtime.callsite.AbstractCallSite.callCurrent(AbstractCallSite.java:169)
at io.restassured.internal.ResponseSpecificationImpl.content(ResponseSpecificationImpl.groovy:277)
at io.restassured.specification.ResponseSpecification$content$1.callCurrent(Unknown Source)
at org.codehaus.groovy.runtime.callsite.CallSiteArray.defaultCallCurrent(CallSiteArray.java:51)
at org.codehaus.groovy.runtime.callsite.AbstractCallSite.callCurrent(AbstractCallSite.java:157)
at org.codehaus.groovy.runtime.callsite.AbstractCallSite.callCurrent(AbstractCallSite.java:193)
at io.restassured.internal.ResponseSpecificationImpl.body(ResponseSpecificationImpl.groovy:260)
at io.restassured.internal.ValidatableResponseOptionsImpl.body(ValidatableResponseOptionsImpl.java:274)
at tests.dashboardRegressionTest.assertAdvertiserCreation(dashboardRegressionTest.java:96)
... Removed 44 stack frames]]>
    </failure>
  </testcase> <!-- assertAdvertiserCreation -->
</testsuite> <!-- Command line test -->
