<?xml version="1.0" encoding="UTF-8"?>
<!-- Generated by org.testng.reporters.JUnitXMLReporter -->
<testsuite hostname="amilanesi" ignored="1" name="Command line test" tests="1" failures="0" timestamp="18 Sep 2019 13:57:06 GMT" time="42.188" errors="0">
  <testcase name="demandFlowTest" time="40.982" classname="tests.dashboardRegressionTest"/>
  <testcase name="assertAdvertiserCreation" time="0.0" classname="tests.dashboardRegressionTest">
    <ignored/>
  </testcase> <!-- assertAdvertiserCreation -->
</testsuite> <!-- Command line test -->
